MPASM  5.42  /HOME/BEKEBAND/MPLABXPROJECTS/MA   3-4-2012  15:48:51         PAGE  1


LOC  OBJECT CODE     LINE SOURCE TEXT
  VALUE

                      00001 
                      00002         ERRORLEVEL 1, -302, -207
                      00003 
                      00004 #include <P16F877A.INC>
                      00001         LIST
                      00002 
                      00003 ;==========================================================================
                      00004 ;  MPASM PIC16F877A processor include
                      00005 ; 
                      00006 ;  (c) Copyright 1999-2011 Microchip Technology, All rights reserved
                      00007 ;==========================================================================
                      00008 
                      00564         LIST
                      00005 #include "registers.inc"
                      00001 
                      00002 #ifndef __REGISTERS_INC           ;Check if inc file already included
                      00003 #define __REGISTERS_INC
                      00004 
                      00005         ERRORLEVEL 1, -207
                      00006 
  0000                00007     EXTERN AX, AL, AH, CX, CH, CL, BX, BH, BL, SI, SIH, SIL, DI, DIH, DIL
  0000                00008     EXTERN DX, DH, DL
                      00009 
                      00010 MOVFSR  macro   REGISTER
                      00011         movfw   REGISTER
                      00012         movwf   FSR
                      00013         endm
                      00014 
                      00015 RAMPAGE macro   PAGENUM
                      00016         bcf             STATUS, IRP
                      00017         movlw   PAGENUM
                      00018         iorlw   0x00
                      00019         btfss   STATUS, Z
                      00020         bsf             STATUS, IRP
                      00021                         endm
                      00022 
                      00023 MOVWLW  macro   REGISTER, CONSTDATA
                      00024         movlw   LOW(CONSTDATA)
                      00025         movwf   REGISTER
                      00026         movlw   HIGH(CONSTDATA)
                      00027         movwf   REGISTER + 1
                      00028                         endm
                      00029 
                      00030 MOVW    macro   DEST_REGISTER, SOURCE_REGISTER
                      00031         movfw   SOURCE_REGISTER
                      00032         movwf   DEST_REGISTER
                      00033         movfw   SOURCE_REGISTER + 1
                      00034         movwf   DEST_REGISTER + 1
                      00035                         endm
                      00036 
                      00037 STOSW   macro   REGISTER
                      00038         movfw   DI
                      00039         movwf   FSR
MPASM  5.42  /HOME/BEKEBAND/MPLABXPROJECTS/MA   3-4-2012  15:48:51         PAGE  2


LOC  OBJECT CODE     LINE SOURCE TEXT
  VALUE

                      00040         movfw   REGISTER
                      00041         movwf   INDF
                      00042         incf    FSR, F
                      00043         movfw   REGISTER + 1
                      00044         movwf   INDF
                      00045                         endm
                      00046 
                      00047 LODSW   macro   REGISTER
                      00048         movfw   SI
                      00049         movwf   FSR
                      00050         movfw   INDF
                      00051         movwf   REGISTER
                      00052         incf    FSR, F
                      00053         movfw   INDF
                      00054         movwf   REGISTER + 1
                      00055                         endm
                      00056 
                      00057 DECW    macro   REGISTER
                      00058         movlw   0x01
                      00059         subwf   REGISTER, F
                      00060         btfss   STATUS, C
                      00061         decf    REGISTER + 1
                      00062                         endm
                      00063 
                      00064 INCW    macro   REGISTER
                      00065         incf    REGISTER
                      00066         btfsc   STATUS, Z
                      00067         incf    REGISTER + 1
                      00068                         endm
                      00069 
                      00070 ISNULLW macro   REGISTER
                      00071         movfw   REGISTER
                      00072         iorwf   REGISTER + 1, W
                      00073                         endm
                      00074 
                      00075 NEGW    macro   REGISTER
                      00076         movlw   REGISTER
                      00077         call    NEGATE_WORD
                      00078                         endm
                      00079 
                      00080 ADDW    macro   REG1RESULT, REG2        ; REG1RESULT = REG1RESULT + REG2
                      00081         MOVW    AX, REG1RESULT
                      00082         MOVW    BX, REG2
                      00083         call    ADDAXBX
                      00084         MOVW    REG1RESULT, AX
                      00085                         endm
                      00086 
                      00087 SUBW    macro   REG1RESULT, REG2        ; REG1RESULT = REG1RESULT - REG2
                      00088         MOVW    AX, REG1RESULT
                      00089         MOVW    BX, REG2
                      00090         call    SUBAXBX
                      00091         MOVW    REG1RESULT, AX
                      00092                         endm
MPASM  5.42  /HOME/BEKEBAND/MPLABXPROJECTS/MA   3-4-2012  15:48:51         PAGE  3


LOC  OBJECT CODE     LINE SOURCE TEXT
  VALUE

                      00093 
                      00094 BYTETOBCD       macro   REG, DEST
                      00095         clrf    AH
                      00096         movfw   REG
                      00097         movwf   AL
                      00098         movlw   DEST
                      00099         movwf   FSR
                      00100         call    WORD_TO_BCD
                      00101                 endm
                      00102 
                      00103 INTTOBCD        macro   REG, DEST
                      00104         MOVW    AX, REG
                      00105         movlw   DEST
                      00106         movwf   FSR
                      00107         call    INT_TO_BCD
                      00108                                 endm
                      00109 
                      00110 WORDTOBCD       macro   REG, DEST
                      00111         MOVW    AX, REG
                      00112         movlw   DEST
                      00113         movwf   FSR
                      00114         call    WORD_TO_BCD
                      00115                                 endm
                      00116 
                      00117 PRINTBCD        macro   IN, OUT
                      00118         movlw   IN
                      00119         movwf   SI
                      00120         movlw   OUT
                      00121         movwf   DI
                      00122         call    PRINT_BCD
                      00123                                 endm
                      00124 
                      00125 PRINTBIN        macro   REG, OUTBUF
                      00126         movlw   OUTBUF
                      00127         movwf   FSR
                      00128         movfw   REG
                      00129         call    PRINT_BIN
                      00130                                 endm
                      00131 
                      00132 PRINTHEX        macro   REG, OUTBUF
                      00133         movlw   OUTBUF
                      00134         movwf   FSR
                      00135         movfw   REG
                      00136         call    PRINT_HEX
                      00137                                 endm
                      00138 
                      00139 
                      00140 #endif
                      00006 
                      00007     CODE
                      00008 
                      00009 ; 16-bit CCIT CRC
                      00010 ; Adds WREG byte to the CRC checksum AH:AL. WREG, BL destroyed on return.
MPASM  5.42  /HOME/BEKEBAND/MPLABXPROJECTS/MA   3-4-2012  15:48:51         PAGE  4


LOC  OBJECT CODE     LINE SOURCE TEXT
  VALUE

0000                  00011 ADD_CRC                             ; B0/B1 Init: AH = HHHH hhhh, AL = LLLL llll
  0000                00012     GLOBAL      ADD_CRC
                      00013 ;    B0toB1                          ; B0 -> B1
0000                  00014 AddCrcB1:
0000   06??           00015     xorwf   AH, w           ; B1 Pre:  HHHH hhhh     WREG =      IIII iiii
0001   00??           00016     movwf   BL              ; B1
0002   08??           00017     movf    AL, w           ; B1 Pre:  LLLL llll     AH =      LLLL llll
0003   00??           00018     movwf   AH              ; B1
0004   08??           00019     movf    BL, w           ; B1
0005   00??           00020     movwf   AL              ; B1 Pre:  IIII iiii     AL =      IIII iiii
0006   0E??           00021     swapf   AL, w           ; B1 Pre:  IIII iiii     WREG =      iiii IIII
0007   390F           00022     andlw   0x0F            ; Pre:  iiii IIII     WREG =      0000 IIII
0008   06??           00023     xorwf   AL, f           ; B1 Pre:  IIII iiii     AL =      IIII jjjj
0009   0E??           00024     swapf   AL, w           ; B1 Pre:  IIII jjjj     WREG =      jjjj IIII
000A   39F0           00025     andlw   0xF0            ; Pre:  jjjj IIII     WREG =      jjjj 0000
000B   06??           00026     xorwf   AH, f           ; B1 Pre:  LLLL llll     AH =      MMMM llll
000C   0E??           00027     swapf   AL, f           ; B1 Pre:  IIII jjjj     WREG =      jjjj IIII
000D   1003           00028     bcf     STATUS, C       ; Bx
000E   0D??           00029     rlf     AL, w           ; B1 Pre:  jjjj IIII     WREG =      jjjI IIIj
000F   1803           00030     btfsc   STATUS, C       ; Bx
0010   3E01           00031     addlw   .1
0011   06??           00032     xorwf   AH, f           ; B1 Pre:  MMMM llll     AH =      XXXN mmmm
0012   39E0           00033     andlw   b'11100000'     ; Pre:  jjjI IIIj     WREG =      jjj0 0000
0013   06??           00034     xorwf   AH, f           ; B1 Pre:  jjj0 0000     AH =      MMMN mmmm
0014   0E??           00035     swapf   AL, f           ; B1 Pre:  IIII jjjj     WREG =      jjjj IIII
0015   06??           00036     xorwf   AL, f           ; B1 Pre:  MMMN mmmm     AL =      JJJI jjjj
0016   0008           00037     return
                      00038 
                      00039 ; ***********************************************
                      00040 ; Commands
                      00041 ; ***********************************************
                      00042 
                      00043 
                      00044     END
MPASM  5.42  /HOME/BEKEBAND/MPLABXPROJECTS/MA   3-4-2012  15:48:51         PAGE  5


SYMBOL TABLE
  LABEL                             VALUE 

ACKDT                             00000005
ACKEN                             00000004
ACKSTAT                           00000006
ADCON0                            0000001F
ADCON1                            0000009F
ADCS0                             00000006
ADCS1                             00000007
ADCS2                             00000006
ADDEN                             00000003
ADDW                              
ADD_CRC                           00000000
ADFM                              00000007
ADIE                              00000006
ADIF                              00000006
ADON                              00000000
ADRESH                            0000001E
ADRESL                            0000009E
AH                                00000000
AL                                00000000
AX                                00000000
AddCrcB1                          00000000
BCLIE                             00000003
BCLIF                             00000003
BF                                00000000
BH                                00000000
BL                                00000000
BRGH                              00000002
BX                                00000000
BYTETOBCD                         
C                                 00000000
C1INV                             00000004
C1OUT                             00000006
C2INV                             00000005
C2OUT                             00000007
CCP1CON                           00000017
CCP1IE                            00000002
CCP1IF                            00000002
CCP1M0                            00000000
CCP1M1                            00000001
CCP1M2                            00000002
CCP1M3                            00000003
CCP1X                             00000005
CCP1Y                             00000004
CCP2CON                           0000001D
CCP2IE                            00000000
CCP2IF                            00000000
CCP2M0                            00000000
CCP2M1                            00000001
CCP2M2                            00000002
CCP2M3                            00000003
CCP2X                             00000005
CCP2Y                             00000004
CCPR1                             00000015
MPASM  5.42  /HOME/BEKEBAND/MPLABXPROJECTS/MA   3-4-2012  15:48:51         PAGE  6


SYMBOL TABLE
  LABEL                             VALUE 

CCPR1H                            00000016
CCPR1L                            00000015
CCPR2                             0000001B
CCPR2H                            0000001C
CCPR2L                            0000001B
CH                                00000000
CHS0                              00000003
CHS1                              00000004
CHS2                              00000005
CIS                               00000003
CKE                               00000006
CKP                               00000004
CL                                00000000
CM0                               00000000
CM1                               00000001
CM2                               00000002
CMCON                             0000009C
CMIE                              00000006
CMIF                              00000006
CREN                              00000004
CSRC                              00000007
CVR0                              00000000
CVR1                              00000001
CVR2                              00000002
CVR3                              00000003
CVRCON                            0000009D
CVREN                             00000007
CVROE                             00000006
CVRR                              00000005
CX                                00000000
D                                 00000005
DATA_ADDRESS                      00000005
DC                                00000001
DECW                              
DH                                00000000
DI                                00000000
DIH                               00000000
DIL                               00000000
DL                                00000000
DX                                00000000
D_A                               00000005
D_NOT_A                           00000005
EEADR                             0000010D
EEADRH                            0000010F
EECON1                            0000018C
EECON2                            0000018D
EEDATA                            0000010C
EEDATH                            0000010E
EEIE                              00000004
EEIF                              00000004
EEPGD                             00000007
F                                 00000001
FERR                              00000002
MPASM  5.42  /HOME/BEKEBAND/MPLABXPROJECTS/MA   3-4-2012  15:48:51         PAGE  7


SYMBOL TABLE
  LABEL                             VALUE 

FSR                               00000004
GCEN                              00000007
GIE                               00000007
GO                                00000002
GO_DONE                           00000002
GO_NOT_DONE                       00000002
I2C_DATA                          00000005
I2C_READ                          00000002
I2C_START                         00000003
I2C_STOP                          00000004
IBF                               00000007
IBOV                              00000005
INCW                              
INDF                              00000000
INTCON                            0000000B
INTE                              00000004
INTEDG                            00000006
INTF                              00000001
INTTOBCD                          
IRP                               00000007
ISNULLW                           
LODSW                             
MOVFSR                            
MOVW                              
MOVWLW                            
NEGW                              
NOT_A                             00000005
NOT_ADDRESS                       00000005
NOT_BO                            00000000
NOT_BOR                           00000000
NOT_DONE                          00000002
NOT_PD                            00000003
NOT_POR                           00000001
NOT_RBPU                          00000007
NOT_RC8                           00000006
NOT_T1SYNC                        00000002
NOT_TO                            00000004
NOT_TX8                           00000006
NOT_W                             00000002
NOT_WRITE                         00000002
OBF                               00000006
OERR                              00000001
OPTION_REG                        00000081
P                                 00000004
PCFG0                             00000000
PCFG1                             00000001
PCFG2                             00000002
PCFG3                             00000003
PCL                               00000002
PCLATH                            0000000A
PCON                              0000008E
PEIE                              00000006
PEN                               00000002
MPASM  5.42  /HOME/BEKEBAND/MPLABXPROJECTS/MA   3-4-2012  15:48:51         PAGE  8


SYMBOL TABLE
  LABEL                             VALUE 

PIE1                              0000008C
PIE2                              0000008D
PIR1                              0000000C
PIR2                              0000000D
PORTA                             00000005
PORTB                             00000006
PORTC                             00000007
PORTD                             00000008
PORTE                             00000009
PR2                               00000092
PRINTBCD                          
PRINTBIN                          
PRINTHEX                          
PS0                               00000000
PS1                               00000001
PS2                               00000002
PSA                               00000003
PSPIE                             00000007
PSPIF                             00000007
PSPMODE                           00000004
R                                 00000002
RA0                               00000000
RA1                               00000001
RA2                               00000002
RA3                               00000003
RA4                               00000004
RA5                               00000005
RAMPAGE                           
RB0                               00000000
RB1                               00000001
RB2                               00000002
RB3                               00000003
RB4                               00000004
RB5                               00000005
RB6                               00000006
RB7                               00000007
RBIE                              00000003
RBIF                              00000000
RC0                               00000000
RC1                               00000001
RC2                               00000002
RC3                               00000003
RC4                               00000004
RC5                               00000005
RC6                               00000006
RC7                               00000007
RC8_9                             00000006
RC9                               00000006
RCD8                              00000000
RCEN                              00000003
RCIE                              00000005
RCIF                              00000005
RCREG                             0000001A
MPASM  5.42  /HOME/BEKEBAND/MPLABXPROJECTS/MA   3-4-2012  15:48:51         PAGE  9


SYMBOL TABLE
  LABEL                             VALUE 

RCSTA                             00000018
RD                                00000000
RD0                               00000000
RD1                               00000001
RD2                               00000002
RD3                               00000003
RD4                               00000004
RD5                               00000005
RD6                               00000006
RD7                               00000007
RE0                               00000000
RE1                               00000001
RE2                               00000002
READ_WRITE                        00000002
RP0                               00000005
RP1                               00000006
RSEN                              00000001
RX9                               00000006
RX9D                              00000000
R_NOT_W                           00000002
R_W                               00000002
S                                 00000003
SEN                               00000000
SI                                00000000
SIH                               00000000
SIL                               00000000
SMP                               00000007
SPBRG                             00000099
SPEN                              00000007
SREN                              00000005
SSPADD                            00000093
SSPBUF                            00000013
SSPCON                            00000014
SSPCON2                           00000091
SSPEN                             00000005
SSPIE                             00000003
SSPIF                             00000003
SSPM0                             00000000
SSPM1                             00000001
SSPM2                             00000002
SSPM3                             00000003
SSPOV                             00000006
SSPSTAT                           00000094
STATUS                            00000003
STOSW                             
SUBW                              
SYNC                              00000004
T0CS                              00000005
T0IE                              00000005
T0IF                              00000002
T0SE                              00000004
T1CKPS0                           00000004
T1CKPS1                           00000005
MPASM  5.42  /HOME/BEKEBAND/MPLABXPROJECTS/MA   3-4-2012  15:48:51         PAGE 10


SYMBOL TABLE
  LABEL                             VALUE 

T1CON                             00000010
T1INSYNC                          00000002
T1OSCEN                           00000003
T1SYNC                            00000002
T2CKPS0                           00000000
T2CKPS1                           00000001
T2CON                             00000012
TMR0                              00000001
TMR0IE                            00000005
TMR0IF                            00000002
TMR1CS                            00000001
TMR1H                             0000000F
TMR1IE                            00000000
TMR1IF                            00000000
TMR1L                             0000000E
TMR1ON                            00000000
TMR2                              00000011
TMR2IE                            00000001
TMR2IF                            00000001
TMR2ON                            00000002
TOUTPS0                           00000003
TOUTPS1                           00000004
TOUTPS2                           00000005
TOUTPS3                           00000006
TRISA                             00000085
TRISA0                            00000000
TRISA1                            00000001
TRISA2                            00000002
TRISA3                            00000003
TRISA4                            00000004
TRISA5                            00000005
TRISB                             00000086
TRISB0                            00000000
TRISB1                            00000001
TRISB2                            00000002
TRISB3                            00000003
TRISB4                            00000004
TRISB5                            00000005
TRISB6                            00000006
TRISB7                            00000007
TRISC                             00000087
TRISC0                            00000000
TRISC1                            00000001
TRISC2                            00000002
TRISC3                            00000003
TRISC4                            00000004
TRISC5                            00000005
TRISC6                            00000006
TRISC7                            00000007
TRISD                             00000088
TRISD0                            00000000
TRISD1                            00000001
TRISD2                            00000002
MPASM  5.42  /HOME/BEKEBAND/MPLABXPROJECTS/MA   3-4-2012  15:48:51         PAGE 11


SYMBOL TABLE
  LABEL                             VALUE 

TRISD3                            00000003
TRISD4                            00000004
TRISD5                            00000005
TRISD6                            00000006
TRISD7                            00000007
TRISE                             00000089
TRISE0                            00000000
TRISE1                            00000001
TRISE2                            00000002
TRMT                              00000001
TX8_9                             00000006
TX9                               00000006
TX9D                              00000000
TXD8                              00000000
TXEN                              00000005
TXIE                              00000004
TXIF                              00000004
TXREG                             00000019
TXSTA                             00000098
UA                                00000001
W                                 00000000
WCOL                              00000007
WORDTOBCD                         
WR                                00000001
WREN                              00000002
WRERR                             00000003
Z                                 00000002
_BODEN_OFF                        00003FBF
_BODEN_ON                         00003FFF
_BOREN_OFF                        00003FBF
_BOREN_ON                         00003FFF
_CONFIG                           00002007
_CPD_OFF                          00003FFF
_CPD_ON                           00003EFF
_CP_ALL                           00001FFF
_CP_OFF                           00003FFF
_CP_ON                            00001FFF
_DEBUG_OFF                        00003FFF
_DEBUG_ON                         000037FF
_DEVID1                           00002006
_FOSC_EXTRC                       00003FFF
_FOSC_HS                          00003FFE
_FOSC_LP                          00003FFC
_FOSC_XT                          00003FFD
_HS_OSC                           00003FFE
_IDLOC0                           00002000
_IDLOC1                           00002001
_IDLOC2                           00002002
_IDLOC3                           00002003
_LP_OSC                           00003FFC
_LVP_OFF                          00003F7F
_LVP_ON                           00003FFF
_PWRTE_OFF                        00003FFF
MPASM  5.42  /HOME/BEKEBAND/MPLABXPROJECTS/MA   3-4-2012  15:48:51         PAGE 12


SYMBOL TABLE
  LABEL                             VALUE 

_PWRTE_ON                         00003FF7
_RC_OSC                           00003FFF
_WDTE_OFF                         00003FFB
_WDTE_ON                          00003FFF
_WDT_OFF                          00003FFB
_WDT_ON                           00003FFF
_WRT_1FOURTH                      00003BFF
_WRT_256                          00003DFF
_WRT_HALF                         000039FF
_WRT_OFF                          00003FFF
_XT_OSC                           00003FFD
__16F877A                         00000001
__REGISTERS_INC                   

Errors   :     0
Warnings :     0 reported,     0 suppressed
Messages :     0 reported,     0 suppressed

